#
# A fatal error has been detected by the Java Runtime Environment:
#
#  EXCEPTION_ACCESS_VIOLATION (0xc0000005) at pc=0x00000000025c51ea, pid=14940, tid=0x0000000000003cb8
#
# JRE version: Java(TM) SE Runtime Environment (8.0_151-b12) (build 1.8.0_151-b12)
# Java VM: Java HotSpot(TM) 64-Bit Server VM (25.151-b12 mixed mode windows-amd64 compressed oops)
# Problematic frame:
# j  org.hibernate.hql.internal.HolderInstantiator$$Lambda$1084.get$Lambda([Ljava/lang/String;)Ljava/util/function/Supplier;+0
#
# Failed to write core dump. Minidumps are not enabled by default on client versions of Windows
#
# If you would like to submit a bug report, please visit:
#   http://bugreport.java.com/bugreport/crash.jsp
#

---------------  T H R E A D  ---------------

Current thread (0x000000001b58e000):  JavaThread "http-nio-8080-exec-9" daemon [_thread_in_Java, id=15544, stack(0x000000001f650000,0x000000001f750000)]

siginfo: ExceptionCode=0xc0000005, reading address 0x000000081fc51c2e

Registers:
RAX=0x000000081fc51c28, RBX=0x00000000000000bb, RCX=0x0000000000000010, RDX=0x0000000000000002
RSP=0x000000001f74b278, RBP=0x000000001f74b2b8, RSI=0x000000001fc51c50, RDI=0x000000010000b808
R8 =0x00000000d7e3b870, R9 =0x00000000000000de, R10=0x000000005c9c8a90, R11=0x0000000002835d80
R12=0x0000000000000000, R13=0x000000001fc51eb0, R14=0x000000001f74b2c8, R15=0x000000001b58e000
RIP=0x00000000025c51ea, EFLAGS=0x0000000000010202

Top of Stack: (sp=0x000000001f74b278)
0x000000001f74b278:   000000001f74b278 000000001fc51eb0
0x000000001f74b288:   000000001f74b2c8 000000001fc52028
0x000000001f74b298:   0000000000000000 000000001fc51ec0
0x000000001f74b2a8:   0000000000000000 000000001f74b2d0
0x000000001f74b2b8:   000000001f74b3b8 0000000002836144
0x000000001f74b2c8:   00000000d7af7258 0000000000000000
0x000000001f74b2d8:   000000001d78b110 0000000000000000
0x000000001f74b2e8:   000000001f74b310 000000001f74b360
0x000000001f74b2f8:   00000000026a51d9 000000001f74b3b8
0x000000001f74b308:   0000000002835dcc 000000001f74b3b8
0x000000001f74b318:   00000000027ebf04 000000001d788050
0x000000001f74b328:   000000001f74b370 000000001d790028
0x000000001f74b338:   0000000000000000 000000001f74b3b8
0x000000001f74b348:   00000000025a8288 000000001f74b3b8
0x000000001f74b358:   00000000025a8288 00000000d7e3b8a8
0x000000001f74b368:   00000000d7af7258 00000000d653abe8 

Instructions: (pc=0x00000000025c51ea)
0x00000000025c51ca:   e9 01 00 00 00 50 41 0f b7 55 01 0f ca c1 ea 10
0x00000000025c51da:   48 8b 75 e8 48 8b 76 08 48 8b 76 08 48 8b 46 08
0x00000000025c51ea:   80 7c 10 04 07 0f 85 dd 00 00 00 48 8b 74 d6 50
0x00000000025c51fa:   80 be 72 01 00 00 04 0f 85 cb 00 00 00 8b 56 08 


Register to memory mapping:

RAX=0x000000081fc51c28 is an unknown value
RBX=0x00000000000000bb is an unknown value
RCX=0x0000000000000010 is an unknown value
RDX=0x0000000000000002 is an unknown value
RSP=0x000000001f74b278 is pointing into the stack for thread: 0x000000001b58e000
RBP=0x000000001f74b2b8 is pointing into the stack for thread: 0x000000001b58e000
RSI=0x000000001fc51c50 is pointing into metadata
RDI=0x000000010000b808 is pointing into metadata
R8 =0x00000000d7e3b870 is an oop
java.lang.invoke.MemberName 
 - klass: 'java/lang/invoke/MemberName'
R9 =0x00000000000000de is an unknown value
R10=0x000000005c9c8a90 is an unknown value
R11=0x0000000002835d80 is at entry_point+0 in (nmethod*)0x0000000002835c10
R12=0x0000000000000000 is an unknown value
R13=0x000000001fc51eb0 is pointing into metadata
R14=0x000000001f74b2c8 is pointing into the stack for thread: 0x000000001b58e000
R15=0x000000001b58e000 is a thread


Stack: [0x000000001f650000,0x000000001f750000],  sp=0x000000001f74b278,  free space=1004k
Native frames: (J=compiled Java code, j=interpreted, Vv=VM code, C=native code)
C  0x00000000025c51ea


---------------  P R O C E S S  ---------------

Java Threads: ( => current thread )
  0x000000001db75000 JavaThread "DestroyJavaVM" [_thread_blocked, id=1256, stack(0x0000000002110000,0x0000000002210000)]
  0x000000001db79800 JavaThread "http-nio-8080-Acceptor" daemon [_thread_in_native, id=13736, stack(0x000000001f950000,0x000000001fa50000)]
  0x000000001db7c000 JavaThread "http-nio-8080-Poller" daemon [_thread_in_native, id=15284, stack(0x000000001f850000,0x000000001f950000)]
  0x000000001db7b000 JavaThread "http-nio-8080-exec-10" daemon [_thread_blocked, id=15740, stack(0x000000001f750000,0x000000001f850000)]
=>0x000000001b58e000 JavaThread "http-nio-8080-exec-9" daemon [_thread_in_Java, id=15544, stack(0x000000001f650000,0x000000001f750000)]
  0x000000001b58d000 JavaThread "http-nio-8080-exec-8" daemon [_thread_blocked, id=15828, stack(0x000000001f550000,0x000000001f650000)]
  0x000000001b58b000 JavaThread "http-nio-8080-exec-7" daemon [_thread_blocked, id=15620, stack(0x000000001f450000,0x000000001f550000)]
  0x000000001b58f800 JavaThread "http-nio-8080-exec-6" daemon [_thread_blocked, id=10012, stack(0x000000001f350000,0x000000001f450000)]
  0x000000001b590000 JavaThread "http-nio-8080-exec-5" daemon [_thread_blocked, id=15064, stack(0x000000001f250000,0x000000001f350000)]
  0x000000001b58a000 JavaThread "http-nio-8080-exec-4" daemon [_thread_blocked, id=3196, stack(0x000000001f150000,0x000000001f250000)]
  0x000000001b58e800 JavaThread "http-nio-8080-exec-3" daemon [_thread_blocked, id=3388, stack(0x000000001f050000,0x000000001f150000)]
  0x000000001b589800 JavaThread "http-nio-8080-exec-2" daemon [_thread_blocked, id=12808, stack(0x000000001ee50000,0x000000001ef50000)]
  0x000000001b58c800 JavaThread "http-nio-8080-exec-1" daemon [_thread_blocked, id=16100, stack(0x000000001ed50000,0x000000001ee50000)]
  0x000000001b2da800 JavaThread "HikariPool-1 housekeeper" daemon [_thread_blocked, id=9008, stack(0x000000001cf80000,0x000000001d080000)]
  0x000000001b1e3000 JavaThread "mysql-cj-abandoned-connection-cleanup" daemon [_thread_blocked, id=1276, stack(0x000000001c780000,0x000000001c880000)]
  0x000000001b1cd800 JavaThread "container-0" [_thread_blocked, id=9544, stack(0x000000001c680000,0x000000001c780000)]
  0x000000001b1ca800 JavaThread "Catalina-utility-2" [_thread_blocked, id=10980, stack(0x000000001c580000,0x000000001c680000)]
  0x000000001b1c1800 JavaThread "Catalina-utility-1" [_thread_blocked, id=4988, stack(0x000000001a6b0000,0x000000001a7b0000)]
  0x0000000019392000 JavaThread "RMI Scheduler(0)" daemon [_thread_blocked, id=8688, stack(0x000000001a1b0000,0x000000001a2b0000)]
  0x00000000190f3000 JavaThread "RMI TCP Accept-0" daemon [_thread_in_native, id=3776, stack(0x0000000019b70000,0x0000000019c70000)]
  0x0000000018eca000 JavaThread "Service Thread" daemon [_thread_blocked, id=5144, stack(0x0000000019730000,0x0000000019830000)]
  0x0000000018e33800 JavaThread "C1 CompilerThread2" daemon [_thread_blocked, id=7196, stack(0x0000000019630000,0x0000000019730000)]
  0x0000000018aaa800 JavaThread "C2 CompilerThread1" daemon [_thread_blocked, id=7584, stack(0x0000000018d30000,0x0000000018e30000)]
  0x0000000018aa7800 JavaThread "C2 CompilerThread0" daemon [_thread_blocked, id=6360, stack(0x0000000018c30000,0x0000000018d30000)]
  0x0000000018a02000 JavaThread "Monitor Ctrl-Break" daemon [_thread_in_native, id=12240, stack(0x0000000018b30000,0x0000000018c30000)]
  0x00000000170e5000 JavaThread "Attach Listener" daemon [_thread_blocked, id=8764, stack(0x0000000018630000,0x0000000018730000)]
  0x00000000170e4000 JavaThread "Signal Dispatcher" daemon [_thread_blocked, id=15816, stack(0x0000000018530000,0x0000000018630000)]
  0x00000000170ce800 JavaThread "Finalizer" daemon [_thread_blocked, id=15720, stack(0x0000000018330000,0x0000000018430000)]
  0x0000000002496000 JavaThread "Reference Handler" daemon [_thread_blocked, id=12376, stack(0x0000000018230000,0x0000000018330000)]

Other Threads:
  0x00000000170a7800 VMThread [stack: 0x0000000018130000,0x0000000018230000] [id=4952]
  0x00000000190fb800 WatcherThread [stack: 0x0000000019c70000,0x0000000019d70000] [id=6500]

VM state:not at safepoint (normal execution)

VM Mutex/Monitor currently owned by a thread: None

Heap:
 PSYoungGen      total 217088K, used 35117K [0x00000000d5e00000, 0x00000000e4800000, 0x0000000100000000)
  eden space 201216K, 17% used [0x00000000d5e00000,0x00000000d804b4e0,0x00000000e2280000)
  from space 15872K, 0% used [0x00000000e3880000,0x00000000e3880000,0x00000000e4800000)
  to   space 17920K, 0% used [0x00000000e2500000,0x00000000e2500000,0x00000000e3680000)
 ParOldGen       total 129536K, used 25945K [0x0000000081a00000, 0x0000000089880000, 0x00000000d5e00000)
  object space 129536K, 20% used [0x0000000081a00000,0x0000000083356630,0x0000000089880000)
 Metaspace       used 58298K, capacity 62050K, committed 62296K, reserved 1103872K
  class space    used 8154K, capacity 8795K, committed 8832K, reserved 1048576K

Card table byte_map: [0x0000000011960000,0x0000000011d60000] byte_map_base: 0x0000000011553000

Marking Bits: (ParMarkBitMap*) 0x000000005c9dd850
 Begin Bits: [0x0000000012410000, 0x00000000143a8000)
 End Bits:   [0x00000000143a8000, 0x0000000016340000)

Polling page: 0x0000000000560000

CodeCache: size=245760Kb used=8764Kb max_used=8764Kb free=236995Kb
 bounds [0x00000000025a0000, 0x0000000002e40000, 0x00000000115a0000]
 total_blobs=5159 nmethods=4575 adapters=495
 compilation: enabled

Compilation events (10 events):
Event: 475.096 Thread 0x0000000018e33800 nmethod 4676 0x0000000002e2ecd0 code [0x0000000002e2ee40, 0x0000000002e2efc8]
Event: 475.096 Thread 0x0000000018e33800 4677       1       com.mysql.cj.protocol.a.SimplePacketReader::readMessage (26 bytes)
Event: 475.096 Thread 0x0000000018e33800 nmethod 4677 0x0000000002e2f090 code [0x0000000002e2f1e0, 0x0000000002e2f348]
Event: 475.096 Thread 0x0000000018e33800 4678   !   1       com.mysql.cj.protocol.a.SimplePacketReader::readMessageLocal (145 bytes)
Event: 475.098 Thread 0x0000000018e33800 nmethod 4678 0x0000000002e2f3d0 code [0x0000000002e2f620, 0x0000000002e300b8]
Event: 475.098 Thread 0x0000000018e33800 4679       1       com.mysql.cj.protocol.a.MultiPacketReader::readHeader (5 bytes)
Event: 475.098 Thread 0x0000000018e33800 nmethod 4679 0x0000000002e30ed0 code [0x0000000002e31040, 0x0000000002e311a8]
Event: 475.098 Thread 0x0000000018e33800 4680       1       com.mysql.cj.protocol.a.MultiPacketReader::readHeader (13 bytes)
Event: 475.098 Thread 0x0000000018e33800 nmethod 4680 0x0000000002e31250 code [0x0000000002e313c0, 0x0000000002e31528]
Event: 475.098 Thread 0x0000000018e33800 4681       1       com.mysql.cj.protocol.a.TimeTrackingPacketReader::readHeader (5 bytes)

GC Heap History (10 events):
Event: 4.474 GC heap before
{Heap before GC invocations=9 (full 1):
 PSYoungGen      total 140800K, used 50315K [0x00000000d5e00000, 0x00000000e1500000, 0x0000000100000000)
  eden space 131072K, 30% used [0x00000000d5e00000,0x00000000d85a4c38,0x00000000dde00000)
  from space 9728K, 99% used [0x00000000dde00000,0x00000000de77e180,0x00000000de780000)
  to   space 10752K, 0% used [0x00000000e0a80000,0x00000000e0a80000,0x00000000e1500000)
 ParOldGen       total 59392K, used 8483K [0x0000000081a00000, 0x0000000085400000, 0x00000000d5e00000)
  object space 59392K, 14% used [0x0000000081a00000,0x0000000082248ce0,0x0000000085400000)
 Metaspace       used 33203K, capacity 35382K, committed 35456K, reserved 1079296K
  class space    used 4575K, capacity 4976K, committed 4992K, reserved 1048576K
Event: 4.484 GC heap after
Heap after GC invocations=9 (full 1):
 PSYoungGen      total 175616K, used 10139K [0x00000000d5e00000, 0x00000000e4000000, 0x0000000100000000)
  eden space 164864K, 0% used [0x00000000d5e00000,0x00000000d5e00000,0x00000000dff00000)
  from space 10752K, 94% used [0x00000000e0a80000,0x00000000e1466c18,0x00000000e1500000)
  to   space 11776K, 0% used [0x00000000dff00000,0x00000000dff00000,0x00000000e0a80000)
 ParOldGen       total 59392K, used 8491K [0x0000000081a00000, 0x0000000085400000, 0x00000000d5e00000)
  object space 59392K, 14% used [0x0000000081a00000,0x000000008224ace0,0x0000000085400000)
 Metaspace       used 33203K, capacity 35382K, committed 35456K, reserved 1079296K
  class space    used 4575K, capacity 4976K, committed 4992K, reserved 1048576K
}
Event: 4.485 GC heap before
{Heap before GC invocations=10 (full 2):
 PSYoungGen      total 175616K, used 10139K [0x00000000d5e00000, 0x00000000e4000000, 0x0000000100000000)
  eden space 164864K, 0% used [0x00000000d5e00000,0x00000000d5e00000,0x00000000dff00000)
  from space 10752K, 94% used [0x00000000e0a80000,0x00000000e1466c18,0x00000000e1500000)
  to   space 11776K, 0% used [0x00000000dff00000,0x00000000dff00000,0x00000000e0a80000)
 ParOldGen       total 59392K, used 8491K [0x0000000081a00000, 0x0000000085400000, 0x00000000d5e00000)
  object space 59392K, 14% used [0x0000000081a00000,0x000000008224ace0,0x0000000085400000)
 Metaspace       used 33203K, capacity 35382K, committed 35456K, reserved 1079296K
  class space    used 4575K, capacity 4976K, committed 4992K, reserved 1048576K
Event: 4.562 GC heap after
Heap after GC invocations=10 (full 2):
 PSYoungGen      total 175616K, used 0K [0x00000000d5e00000, 0x00000000e4000000, 0x0000000100000000)
  eden space 164864K, 0% used [0x00000000d5e00000,0x00000000d5e00000,0x00000000dff00000)
  from space 10752K, 0% used [0x00000000e0a80000,0x00000000e0a80000,0x00000000e1500000)
  to   space 11776K, 0% used [0x00000000dff00000,0x00000000dff00000,0x00000000e0a80000)
 ParOldGen       total 91648K, used 15771K [0x0000000081a00000, 0x0000000087380000, 0x00000000d5e00000)
  object space 91648K, 17% used [0x0000000081a00000,0x0000000082966f98,0x0000000087380000)
 Metaspace       used 33203K, capacity 35382K, committed 35456K, reserved 1079296K
  class space    used 4575K, capacity 4976K, committed 4992K, reserved 1048576K
}
Event: 6.408 GC heap before
{Heap before GC invocations=11 (full 2):
 PSYoungGen      total 175616K, used 164864K [0x00000000d5e00000, 0x00000000e4000000, 0x0000000100000000)
  eden space 164864K, 100% used [0x00000000d5e00000,0x00000000dff00000,0x00000000dff00000)
  from space 10752K, 0% used [0x00000000e0a80000,0x00000000e0a80000,0x00000000e1500000)
  to   space 11776K, 0% used [0x00000000dff00000,0x00000000dff00000,0x00000000e0a80000)
 ParOldGen       total 91648K, used 15771K [0x0000000081a00000, 0x0000000087380000, 0x00000000d5e00000)
  object space 91648K, 17% used [0x0000000081a00000,0x0000000082966f98,0x0000000087380000)
 Metaspace       used 49097K, capacity 52282K, committed 52608K, reserved 1093632K
  class space    used 6870K, capacity 7428K, committed 7552K, reserved 1048576K
Event: 6.432 GC heap after
Heap after GC invocations=11 (full 2):
 PSYoungGen      total 176640K, used 11752K [0x00000000d5e00000, 0x00000000e4880000, 0x0000000100000000)
  eden space 164864K, 0% used [0x00000000d5e00000,0x00000000d5e00000,0x00000000dff00000)
  from space 11776K, 99% used [0x00000000dff00000,0x00000000e0a7a2c8,0x00000000e0a80000)
  to   space 16384K, 0% used [0x00000000e3880000,0x00000000e3880000,0x00000000e4880000)
 ParOldGen       total 91648K, used 24003K [0x0000000081a00000, 0x0000000087380000, 0x00000000d5e00000)
  object space 91648K, 26% used [0x0000000081a00000,0x0000000083170c78,0x0000000087380000)
 Metaspace       used 49097K, capacity 52282K, committed 52608K, reserved 1093632K
  class space    used 6870K, capacity 7428K, committed 7552K, reserved 1048576K
}
Event: 18.925 GC heap before
{Heap before GC invocations=12 (full 2):
 PSYoungGen      total 176640K, used 110244K [0x00000000d5e00000, 0x00000000e4880000, 0x0000000100000000)
  eden space 164864K, 59% used [0x00000000d5e00000,0x00000000dbe2f0d0,0x00000000dff00000)
  from space 11776K, 99% used [0x00000000dff00000,0x00000000e0a7a2c8,0x00000000e0a80000)
  to   space 16384K, 0% used [0x00000000e3880000,0x00000000e3880000,0x00000000e4880000)
 ParOldGen       total 91648K, used 24003K [0x0000000081a00000, 0x0000000087380000, 0x00000000d5e00000)
  object space 91648K, 26% used [0x0000000081a00000,0x0000000083170c78,0x0000000087380000)
 Metaspace       used 55433K, capacity 58982K, committed 59096K, reserved 1099776K
  class space    used 7783K, capacity 8393K, committed 8448K, reserved 1048576K
Event: 18.949 GC heap after
Heap after GC invocations=12 (full 2):
 PSYoungGen      total 217088K, used 15744K [0x00000000d5e00000, 0x00000000e4800000, 0x0000000100000000)
  eden space 201216K, 0% used [0x00000000d5e00000,0x00000000d5e00000,0x00000000e2280000)
  from space 15872K, 99% used [0x00000000e3880000,0x00000000e47e0350,0x00000000e4800000)
  to   space 17920K, 0% used [0x00000000e2500000,0x00000000e2500000,0x00000000e3680000)
 ParOldGen       total 91648K, used 24011K [0x0000000081a00000, 0x0000000087380000, 0x00000000d5e00000)
  object space 91648K, 26% used [0x0000000081a00000,0x0000000083172c78,0x0000000087380000)
 Metaspace       used 55433K, capacity 58982K, committed 59096K, reserved 1099776K
  class space    used 7783K, capacity 8393K, committed 8448K, reserved 1048576K
}
Event: 18.949 GC heap before
{Heap before GC invocations=13 (full 3):
 PSYoungGen      total 217088K, used 15744K [0x00000000d5e00000, 0x00000000e4800000, 0x0000000100000000)
  eden space 201216K, 0% used [0x00000000d5e00000,0x00000000d5e00000,0x00000000e2280000)
  from space 15872K, 99% used [0x00000000e3880000,0x00000000e47e0350,0x00000000e4800000)
  to   space 17920K, 0% used [0x00000000e2500000,0x00000000e2500000,0x00000000e3680000)
 ParOldGen       total 91648K, used 24011K [0x0000000081a00000, 0x0000000087380000, 0x00000000d5e00000)
  object space 91648K, 26% used [0x0000000081a00000,0x0000000083172c78,0x0000000087380000)
 Metaspace       used 55433K, capacity 58982K, committed 59096K, reserved 1099776K
  class space    used 7783K, capacity 8393K, committed 8448K, reserved 1048576K
Event: 19.118 GC heap after
Heap after GC invocations=13 (full 3):
 PSYoungGen      total 217088K, used 0K [0x00000000d5e00000, 0x00000000e4800000, 0x0000000100000000)
  eden space 201216K, 0% used [0x00000000d5e00000,0x00000000d5e00000,0x00000000e2280000)
  from space 15872K, 0% used [0x00000000e3880000,0x00000000e3880000,0x00000000e4800000)
  to   space 17920K, 0% used [0x00000000e2500000,0x00000000e2500000,0x00000000e3680000)
 ParOldGen       total 129536K, used 25945K [0x0000000081a00000, 0x0000000089880000, 0x00000000d5e00000)
  object space 129536K, 20% used [0x0000000081a00000,0x0000000083356630,0x0000000089880000)
 Metaspace       used 55433K, capacity 58982K, committed 59096K, reserved 1099776K
  class space    used 7783K, capacity 8393K, committed 8448K, reserved 1048576K
}

Deoptimization events (0 events):
No events

Internal exceptions (10 events):
Event: 19.166 Thread 0x000000001b590000 Exception <a 'java/lang/ArrayIndexOutOfBoundsException'> (0x00000000d61f5d38) thrown at [C:\re\workspace\8-2-build-windows-amd64-cygwin\jdk8u151\9699\hotspot\src\share\vm\runtime\sharedRuntime.cpp, line 605]
Event: 19.167 Thread 0x000000001b590000 Exception <a 'java/lang/ArrayIndexOutOfBoundsException'> (0x00000000d61f7c80) thrown at [C:\re\workspace\8-2-build-windows-amd64-cygwin\jdk8u151\9699\hotspot\src\share\vm\runtime\sharedRuntime.cpp, line 605]
Event: 19.167 Thread 0x000000001b590000 Exception <a 'java/lang/ArrayIndexOutOfBoundsException'> (0x00000000d61fbf70) thrown at [C:\re\workspace\8-2-build-windows-amd64-cygwin\jdk8u151\9699\hotspot\src\share\vm\runtime\sharedRuntime.cpp, line 605]
Event: 38.752 Thread 0x000000001db7b000 Exception <a 'java/lang/ClassNotFoundException': java/lang/ObjectCustomizer> (0x00000000d6bcaa20) thrown at [C:\re\workspace\8-2-build-windows-amd64-cygwin\jdk8u151\9699\hotspot\src\share\vm\classfile\systemDictionary.cpp, line 210]
Event: 38.752 Thread 0x000000001db7b000 Exception <a 'java/lang/ArrayIndexOutOfBoundsException'> (0x00000000d6bcdf50) thrown at [C:\re\workspace\8-2-build-windows-amd64-cygwin\jdk8u151\9699\hotspot\src\share\vm\runtime\sharedRuntime.cpp, line 605]
Event: 38.753 Thread 0x000000001db7b000 Exception <a 'java/lang/ClassNotFoundException': com/example/url_shortener/model/UrlCustomizer> (0x00000000d6be7488) thrown at [C:\re\workspace\8-2-build-windows-amd64-cygwin\jdk8u151\9699\hotspot\src\share\vm\classfile\systemDictionary.cpp, line 210]
Event: 81.768 Thread 0x000000001b58a000 Exception <a 'java/lang/NoSuchMethodError': java.lang.Object.lambda$mapIfAllPresent$6(Ljava/util/Optional;Ljava/util/function/BiFunction;Ljava/lang/Object;)Ljava/util/Optional;> (0x00000000d7d355a0) thrown at [C:\re\workspace\8-2-build-windows-amd64-cygwi
Event: 81.768 Thread 0x000000001b58a000 Exception <a 'java/lang/NoSuchMethodError': java.lang.Object.lambda$null$5(Ljava/util/function/BiFunction;Ljava/lang/Object;Ljava/lang/Object;)Ljava/lang/Object;> (0x00000000d7d3a240) thrown at [C:\re\workspace\8-2-build-windows-amd64-cygwin\jdk8u151\9699
Event: 81.782 Thread 0x000000001b58a000 Exception <a 'java/lang/NoSuchMethodError': java.lang.Object.lambda$static$0(Lorg/hibernate/type/EntityType;Ljava/lang/Object;Lorg/hibernate/engine/spi/SharedSessionContractImplementor;Ljava/lang/Object;Ljava/lang/Boolean;)Ljava/lang/Object;> (0x00000000d
Event: 81.784 Thread 0x000000001b58a000 Exception <a 'java/lang/ArrayIndexOutOfBoundsException'> (0x00000000d7e469e8) thrown at [C:\re\workspace\8-2-build-windows-amd64-cygwin\jdk8u151\9699\hotspot\src\share\vm\runtime\sharedRuntime.cpp, line 605]

Events (10 events):
Event: 318.947 loading class org/apache/tomcat/util/buf/C2BConverter done
Event: 318.948 loading class org/apache/catalina/connector/CoyoteWriter
Event: 318.948 loading class org/apache/catalina/connector/CoyoteWriter done
Event: 318.951 Executing VM operation: RevokeBias
Event: 318.951 Executing VM operation: RevokeBias done
Event: 334.328 Thread 0x0000000018e33800 flushing nmethod 0x0000000002b10810
Event: 475.091 Executing VM operation: RevokeBias
Event: 475.091 Executing VM operation: RevokeBias done
Event: 475.091 Executing VM operation: RevokeBias
Event: 475.091 Executing VM operation: RevokeBias done


Dynamic libraries:
0x00007ff6a7b30000 - 0x00007ff6a7b67000 	C:\Program Files\Java\jdk1.8.0_151\bin\java.exe
0x00007ffb84050000 - 0x00007ffb84248000 	C:\WINDOWS\SYSTEM32\ntdll.dll
0x00007ffb83e40000 - 0x00007ffb83efd000 	C:\WINDOWS\System32\KERNEL32.DLL
0x00007ffb81a60000 - 0x00007ffb81d2e000 	C:\WINDOWS\System32\KERNELBASE.dll
0x00007ffb820b0000 - 0x00007ffb8215e000 	C:\WINDOWS\System32\ADVAPI32.dll
0x00007ffb822f0000 - 0x00007ffb8238e000 	C:\WINDOWS\System32\msvcrt.dll
0x00007ffb82840000 - 0x00007ffb828dc000 	C:\WINDOWS\System32\sechost.dll
0x00007ffb82660000 - 0x00007ffb82785000 	C:\WINDOWS\System32\RPCRT4.dll
0x00007ffb829b0000 - 0x00007ffb82b50000 	C:\WINDOWS\System32\USER32.dll
0x00007ffb82080000 - 0x00007ffb820a2000 	C:\WINDOWS\System32\win32u.dll
0x00007ffb82b60000 - 0x00007ffb82b8a000 	C:\WINDOWS\System32\GDI32.dll
0x00007ffb81f40000 - 0x00007ffb8204b000 	C:\WINDOWS\System32\gdi32full.dll
0x00007ffb819c0000 - 0x00007ffb81a5d000 	C:\WINDOWS\System32\msvcp_win.dll
0x00007ffb81770000 - 0x00007ffb81870000 	C:\WINDOWS\System32\ucrtbase.dll
0x00007ffb706f0000 - 0x00007ffb7098a000 	C:\WINDOWS\WinSxS\amd64_microsoft.windows.common-controls_6595b64144ccf1df_6.0.19041.1110_none_60b5254171f9507e\COMCTL32.dll
0x00007ffb83fe0000 - 0x00007ffb84010000 	C:\WINDOWS\System32\IMM32.DLL
0x000000005d400000 - 0x000000005d4d2000 	C:\Program Files\Java\jdk1.8.0_151\jre\bin\msvcr100.dll
0x000000005c1c0000 - 0x000000005ca5d000 	C:\Program Files\Java\jdk1.8.0_151\jre\bin\server\jvm.dll
0x00007ffb82420000 - 0x00007ffb82428000 	C:\WINDOWS\System32\PSAPI.DLL
0x00007ffb6c990000 - 0x00007ffb6c999000 	C:\WINDOWS\SYSTEM32\WSOCK32.dll
0x00007ffb82940000 - 0x00007ffb829ab000 	C:\WINDOWS\System32\WS2_32.dll
0x00007ffb6e4b0000 - 0x00007ffb6e4d7000 	C:\WINDOWS\SYSTEM32\WINMM.dll
0x00007ffb796f0000 - 0x00007ffb796fa000 	C:\WINDOWS\SYSTEM32\VERSION.dll
0x000000005d3f0000 - 0x000000005d3ff000 	C:\Program Files\Java\jdk1.8.0_151\jre\bin\verify.dll
0x000000005d3c0000 - 0x000000005d3e9000 	C:\Program Files\Java\jdk1.8.0_151\jre\bin\java.dll
0x000000005c170000 - 0x000000005c193000 	C:\Program Files\Java\jdk1.8.0_151\jre\bin\instrument.dll
0x000000005d3a0000 - 0x000000005d3b6000 	C:\Program Files\Java\jdk1.8.0_151\jre\bin\zip.dll
0x00007ffb82ea0000 - 0x00007ffb835e4000 	C:\WINDOWS\System32\SHELL32.dll
0x00007ffb7f730000 - 0x00007ffb7fec4000 	C:\WINDOWS\SYSTEM32\windows.storage.dll
0x00007ffb83a60000 - 0x00007ffb83db4000 	C:\WINDOWS\System32\combase.dll
0x00007ffb811d0000 - 0x00007ffb81200000 	C:\WINDOWS\SYSTEM32\Wldp.dll
0x00007ffb82790000 - 0x00007ffb8283d000 	C:\WINDOWS\System32\SHCORE.dll
0x00007ffb82430000 - 0x00007ffb82485000 	C:\WINDOWS\System32\shlwapi.dll
0x00007ffb816b0000 - 0x00007ffb816cf000 	C:\WINDOWS\SYSTEM32\profapi.dll
0x00007ffb7d8e0000 - 0x00007ffb7d8fa000 	C:\Program Files\JetBrains\IntelliJ IDEA 2022.2.1\bin\breakgen64.dll
0x000000005d380000 - 0x000000005d39a000 	C:\Program Files\Java\jdk1.8.0_151\jre\bin\net.dll
0x00007ffb80f30000 - 0x00007ffb80f9a000 	C:\WINDOWS\system32\mswsock.dll
0x00007ffb80c20000 - 0x00007ffb80cea000 	C:\WINDOWS\SYSTEM32\DNSAPI.dll
0x00007ffb80bd0000 - 0x00007ffb80c0b000 	C:\WINDOWS\SYSTEM32\IPHLPAPI.DLL
0x00007ffb82e90000 - 0x00007ffb82e98000 	C:\WINDOWS\System32\NSI.dll
0x00007ffb6ef00000 - 0x00007ffb6ef0a000 	C:\Windows\System32\rasadhlp.dll
0x00007ffb710a0000 - 0x00007ffb71120000 	C:\WINDOWS\System32\fwpuclnt.dll
0x00007ffb82050000 - 0x00007ffb82077000 	C:\WINDOWS\System32\bcrypt.dll
0x000000005c1b0000 - 0x000000005c1bd000 	C:\Program Files\Java\jdk1.8.0_151\jre\bin\management.dll
0x000000005d360000 - 0x000000005d371000 	C:\Program Files\Java\jdk1.8.0_151\jre\bin\nio.dll
0x00007ffb81130000 - 0x00007ffb81148000 	C:\WINDOWS\SYSTEM32\CRYPTSP.dll
0x00007ffb80840000 - 0x00007ffb80874000 	C:\WINDOWS\system32\rsaenh.dll
0x00007ffb81670000 - 0x00007ffb8169e000 	C:\WINDOWS\SYSTEM32\USERENV.dll
0x00007ffb81930000 - 0x00007ffb819b2000 	C:\WINDOWS\System32\bcryptprimitives.dll
0x00007ffb81120000 - 0x00007ffb8112c000 	C:\WINDOWS\SYSTEM32\CRYPTBASE.dll
0x00007ffb78b50000 - 0x00007ffb78b67000 	C:\WINDOWS\SYSTEM32\dhcpcsvc6.DLL
0x00007ffb793b0000 - 0x00007ffb793cd000 	C:\WINDOWS\SYSTEM32\dhcpcsvc.DLL
0x00007ffb585a0000 - 0x00007ffb585b7000 	C:\WINDOWS\system32\napinsp.dll
0x00007ffb58580000 - 0x00007ffb5859b000 	C:\WINDOWS\system32\pnrpnsp.dll
0x00007ffb58560000 - 0x00007ffb58575000 	C:\WINDOWS\system32\wshbth.dll
0x00007ffb7d3d0000 - 0x00007ffb7d3ed000 	C:\WINDOWS\system32\NLAapi.dll
0x00007ffb58540000 - 0x00007ffb58552000 	C:\WINDOWS\System32\winrnr.dll
0x000000005d330000 - 0x000000005d354000 	C:\Program Files\Java\jdk1.8.0_151\jre\bin\sunec.dll
0x000000005c1a0000 - 0x000000005c1ab000 	C:\Program Files\Java\jdk1.8.0_151\jre\bin\sunmscapi.dll
0x00007ffb81de0000 - 0x00007ffb81f36000 	C:\WINDOWS\System32\CRYPT32.dll
0x00007ffb7f520000 - 0x00007ffb7f704000 	C:\WINDOWS\SYSTEM32\dbghelp.dll

VM Arguments:
jvm_args: -XX:TieredStopAtLevel=1 -Xverify:none -Dspring.output.ansi.enabled=always -Dcom.sun.management.jmxremote -Dspring.jmx.enabled=true -Dspring.liveBeansView.mbeanDomain -Dspring.application.admin.enabled=true -javaagent:C:\Program Files\JetBrains\IntelliJ IDEA 2022.2.1\lib\idea_rt.jar=5049:C:\Program Files\JetBrains\IntelliJ IDEA 2022.2.1\bin -Dfile.encoding=UTF-8 
java_command: com.example.url_shortener.UrlShortenerApplication
java_class_path (initial): C:\Program Files\Java\jdk1.8.0_151\jre\lib\charsets.jar;C:\Program Files\Java\jdk1.8.0_151\jre\lib\deploy.jar;C:\Program Files\Java\jdk1.8.0_151\jre\lib\ext\access-bridge-64.jar;C:\Program Files\Java\jdk1.8.0_151\jre\lib\ext\cldrdata.jar;C:\Program Files\Java\jdk1.8.0_151\jre\lib\ext\dnsns.jar;C:\Program Files\Java\jdk1.8.0_151\jre\lib\ext\jaccess.jar;C:\Program Files\Java\jdk1.8.0_151\jre\lib\ext\jfxrt.jar;C:\Program Files\Java\jdk1.8.0_151\jre\lib\ext\localedata.jar;C:\Program Files\Java\jdk1.8.0_151\jre\lib\ext\nashorn.jar;C:\Program Files\Java\jdk1.8.0_151\jre\lib\ext\sunec.jar;C:\Program Files\Java\jdk1.8.0_151\jre\lib\ext\sunjce_provider.jar;C:\Program Files\Java\jdk1.8.0_151\jre\lib\ext\sunmscapi.jar;C:\Program Files\Java\jdk1.8.0_151\jre\lib\ext\sunpkcs11.jar;C:\Program Files\Java\jdk1.8.0_151\jre\lib\ext\zipfs.jar;C:\Program Files\Java\jdk1.8.0_151\jre\lib\javaws.jar;C:\Program Files\Java\jdk1.8.0_151\jre\lib\jce.jar;C:\Program Files\Java\jdk1.8.0_151\jre\lib\jfr.jar;C:\Program Files\Java\jdk1.8.0_151\jre\lib\jfxswt.jar;C:\Program Files\Java\jdk1.8.0_151\jre\lib\jsse.jar;C:\Program Files\Java\jdk1.8.0_151\jre\lib\management-agent.jar;C:\Program Files\Java\jdk1.8.0_151\jre\lib\plugin.jar;C:\Program Files\Java\jdk1.8.0_151\jre\lib\resources.jar;C:\Program Files\Java\jdk1.8.0_151\jre\lib\rt.jar;H:\Parsonal Project\SpringBoot\Url Shortener\target\classes;C:\Users\User\.m2\repository\org\springframework\boot\spring-boot-starter-data-jpa\2.7.3\spring-boot-starter-data-jpa-2.7.3.jar;C:\Users\User\.m2\repository\org\springframework\boot\spring-boot-starter-aop\2.7.3\spring-boot-starter-aop-2.7.3.jar;C:\Users\User\.m2\repository\org\springframework\spring-aop\5.3.22\spring-aop-5.3.22.jar;C:\Users\User\.m2\repository\org\aspectj\aspectjweaver\1.9.7\aspectjweaver-1.9.7.jar;C:\Users\User\.m2\repository\org\springframework\boot\spring-boot-starter-jdbc\2.7.3\spring-boot-starter-jdbc-2.7.3.jar;C:\Users\User\.m2\repository\com\zaxxer\HikariCP\
Launcher Type: SUN_STANDARD

Environment Variables:
PATH=C:\ProgramData\Oracle\Java\javapath;C:\Program Files (x86)\Intel\iCLS Client\;C:\Program Files\Intel\iCLS Client\;C:\Windows\system32;C:\Windows;C:\Windows\System32\Wbem;C:\Windows\System32\WindowsPowerShell\v1.0\;C:\Program Files (x86)\Intel\Intel(R) Management Engine Components\DAL;C:\Program Files\Intel\Intel(R) Management Engine Components\DAL;C:\Program Files (x86)\Intel\Intel(R) Management Engine Components\IPT;C:\Program Files\Intel\Intel(R) Management Engine Components\IPT;C:\Program Files (x86)\NVIDIA Corporation\PhysX\Common;C:\Program Files\NVIDIA Corporation\NVIDIA NvDLISR;C:\WINDOWS\system32;C:\WINDOWS;C:\WINDOWS\System32\Wbem;C:\WINDOWS\System32\WindowsPowerShell\v1.0\;C:\WINDOWS\System32\OpenSSH\;C:\Program Files\Git\cmd;C:\Program Files\Git\mingw64\bin;C:\Program Files\Git\usr\bin;C:\Program Files\dotnet\;C:\xampp\php;C:\ProgramData\ComposerSetup\bin;C:\Program Files\nodejs\;E:\Softwore\Softwore\FlutterSDK\flutter\bin;C:\Users\User\AppData\Local\Programs\Microsoft VS Code\bin;C:\Users\User\AppData\Local\Microsoft\WindowsApps;C:\Users\User\.dotnet\tools;C:\Users\User\AppData\Roaming\Composer\vendor\bin;C:\Users\User\AppData\Roaming\npm;C:\Users\User\AppData\Local\GitHubDesktop\bin;C:\Program Files\JetBrains\IntelliJ IDEA 2022.2.1\bin;
USERNAME=Tanvir
OS=Windows_NT
PROCESSOR_IDENTIFIER=Intel64 Family 6 Model 78 Stepping 3, GenuineIntel



---------------  S Y S T E M  ---------------

OS: Windows 10.0 , 64 bit Build 19041 (10.0.19041.1889)

CPU:total 4 (initial active 4) (2 cores per cpu, 2 threads per core) family 6 model 78 stepping 3, cmov, cx8, fxsr, mmx, sse, sse2, sse3, ssse3, sse4.1, sse4.2, popcnt, avx, avx2, aes, clmul, erms, 3dnowpref, lzcnt, ht, tsc, tscinvbit, bmi1, bmi2, adx

Memory: 4k page, physical 8275968k(821408k free), swap 13533812k(1800404k free)

vm_info: Java HotSpot(TM) 64-Bit Server VM (25.151-b12) for windows-amd64 JRE (1.8.0_151-b12), built on Sep  5 2017 19:33:46 by "java_re" with MS VC++ 10.0 (VS2010)

time: Sat Aug 20 01:17:56 2022
elapsed time: 475 seconds (0d 0h 7m 55s)

